<?xml version="1.0" encoding="UTF-8"?>
<!-- Generated by org.testng.reporters.JUnitReportReporter -->
<testsuite hostname="NJ30101057-PC" name="net.bill99.httpClient.HttpClientDemo" tests="1" failures="0" timestamp="25 Sep 2018 03:14:35 GMT" time="7.239" errors="0">
  <testcase name="test1" time="7.239" classname="net.bill99.httpClient.HttpClientDemo"/>
</testsuite> <!-- net.bill99.httpClient.HttpClientDemo -->
